

HI-TECH Software PICC-18 Macro Assembler V9.51PL2
                                                       Mon Dec 07 22:12:02 2009


     1                           	processor	18F252
     2                           	opt	pw 80
     3                           	psect	const,global,class=CODE,delta=1
     4                           	psect	intsave_regs,global,class=BIGRAM,space=1,
      +                          delta=1
     5  000000                     
     6  000000                     
     7  000000                     
     8  000000                     
     9  000000                     
    10  000000                     
    11  000000                     
    12  000000                     
    13  000000                     
    14  000000                     
    15  000000                     
    16  000000                     
    17  000000                     
    18  000000                     
    19  000000                     
    20  000000                     
    21  000000                     
    22  000000                     
    23  000000                     
    24  000000                     
    25  000000                     
    26  000000                     
    27  000000                     
    28  000000                     
    29  000000                     
    30  000000                     
    31  000000                     
    32  000000                     
    33  000000                     
    34  000000                     
    35  000000                     
    36  000000                     
    37  000000                     
    38  000000                     
    39  000000                     
    40  000000                     
    41  000000                     
    42  000000                     
    43  000000                     
    44  000000                     
    45  000000                     
    46  000000                     
    47  000000                     
    48  000000                     
    49  000000                     
    50  000000                     
    51  000000                     
    52  000000                     
    53  000000                     
    54  000000                     
    55  000000                     
    56  000000                     
    57  000000                     
    58  000000                     
    59  000000                     
    60  000000                     
    61  000000                     
    62  000000                     
    63  000000                     
    64  000000                     
    65  000000                     
    66  000000                     
    67  000000                     
    68  000000                     
    69  000000                     
    70  000000                     
    71  000000                     
    72  000000                     
    73  000000                     
    74  000000                     
    75  000000                     
    76  000000                     
    77  000000                     
    78  000000                     
    79  000000                     
    80  000000                     
    81  000000                     
    82  000000                     
    83  000000                     
    84  000000                     
    85  000000                     
    86  000000                     
    87  000000                     
    88  000000                     
    89  000000                     
    90  000000                     
    91  000000                     
    92  000000                     
    93  000000                     
    94                           
    95                           	psect	const
    96  000600                     _charfont:
    97  000600  00                 	db	0
    98  000601  00                 	db	0
    99  000602  00                 	db	0
   100  000603  00                 	db	0
   101  000604  00                 	db	0
   102  000605  00                 	db	0
   103  000606  00                 	db	0
   104  000607  00                 	db	0
   105  000608  00                 	db	0
   106  000609  00                 	db	0
   107  00060A  00                 	db	0
   108  00060B  00                 	db	0
   109  00060C  00                 	db	0
   110  00060D  00                 	db	0
   111  00060E  00                 	db	0
   112  00060F  00                 	db	0
   113  000610  00                 	db	0
   114  000611  00                 	db	0
   115  000612  00                 	db	0
   116  000613  00                 	db	0
   117  000614  00                 	db	0
   118  000615  00                 	db	0
   119  000616  00                 	db	0
   120  000617  00                 	db	0
   121  000618  00                 	db	0
   122  000619  00                 	db	0
   123  00061A  00                 	db	0
   124  00061B  00                 	db	0
   125  00061C  00                 	db	0
   126  00061D  00                 	db	0
   127  00061E  00                 	db	0
   128  00061F  00                 	db	0
   129  000620  00                 	db	0
   130  000621  00                 	db	0
   131  000622  00                 	db	0
   132  000623  00                 	db	0
   133  000624  00                 	db	0
   134  000625  00                 	db	0
   135  000626  00                 	db	0
   136  000627  00                 	db	0
   137  000628  00                 	db	0
   138  000629  00                 	db	0
   139  00062A  00                 	db	0
   140  00062B  00                 	db	0
   141  00062C  00                 	db	0
   142  00062D  00                 	db	0
   143  00062E  00                 	db	0
   144  00062F  00                 	db	0
   145  000630  00                 	db	0
   146  000631  00                 	db	0
   147  000632  00                 	db	0
   148  000633  00                 	db	0
   149  000634  00                 	db	0
   150  000635  00                 	db	0
   151  000636  00                 	db	0
   152  000637  00                 	db	0
   153  000638  00                 	db	0
   154  000639  00                 	db	0
   155  00063A  00                 	db	0
   156  00063B  00                 	db	0
   157  00063C  00                 	db	0
   158  00063D  00                 	db	0
   159  00063E  00                 	db	0
   160  00063F  00                 	db	0
   161  000640  00                 	db	0
   162  000641  00                 	db	0
   163  000642  00                 	db	0
   164  000643  00                 	db	0
   165  000644  00                 	db	0
   166  000645  00                 	db	0
   167  000646  00                 	db	0
   168  000647  00                 	db	0
   169  000648  00                 	db	0
   170  000649  00                 	db	0
   171  00064A  00                 	db	0
   172  00064B  00                 	db	0
   173  00064C  00                 	db	0
   174  00064D  00                 	db	0
   175  00064E  00                 	db	0
   176  00064F  00                 	db	0
   177  000650  00                 	db	0
   178  000651  7F                 	db	127
   179  000652  3E                 	db	62
   180  000653  1C                 	db	28
   181  000654  08                 	db	8
   182  000655  08                 	db	8
   183  000656  1C                 	db	28
   184  000657  3E                 	db	62
   185  000658  7F                 	db	127
   186  000659  00                 	db	0
   187  00065A  06                 	db	6
   188  00065B  05                 	db	5
   189  00065C  00                 	db	0
   190  00065D  06                 	db	6
   191  00065E  05                 	db	5
   192  00065F  05                 	db	5
   193  000660  03                 	db	3
   194  000661  00                 	db	0
   195  000662  05                 	db	5
   196  000663  03                 	db	3
   197  000664  44                 	db	68
   198  000665  66                 	db	102
   199  000666  77                 	db	119
   200  000667  66                 	db	102
   201  000668  44                 	db	68
   202  000669  11                 	db	17
   203  00066A  33                 	db	51
   204  00066B  77                 	db	119
   205  00066C  33                 	db	51
   206  00066D  11                 	db	17
   207  00066E  1C                 	db	28
   208  00066F  3E                 	db	62
   209  000670  3E                 	db	62
   210  000671  3E                 	db	62
   211  000672  1C                 	db	28
   212  000673  10                 	db	16
   213  000674  38                 	db	56
   214  000675  54                 	db	84
   215  000676  10                 	db	16
   216  000677  1F                 	db	31
   217  000678  04                 	db	4
   218  000679  02                 	db	2
   219  00067A  7F                 	db	127
   220  00067B  02                 	db	2
   221  00067C  04                 	db	4
   222  00067D  10                 	db	16
   223  00067E  20                 	db	32
   224  00067F  7F                 	db	127
   225  000680  20                 	db	32
   226  000681  10                 	db	16
   227  000682  08                 	db	8
   228  000683  08                 	db	8
   229  000684  2A                 	db	42
   230  000685  1C                 	db	28
   231  000686  08                 	db	8
   232  000687  08                 	db	8
   233  000688  1C                 	db	28
   234  000689  2A                 	db	42
   235  00068A  08                 	db	8
   236  00068B  08                 	db	8
   237  00068C  40                 	db	64
   238  00068D  44                 	db	68
   239  00068E  4A                 	db	74
   240  00068F  51                 	db	81
   241  000690  40                 	db	64
   242  000691  40                 	db	64
   243  000692  51                 	db	81
   244  000693  4A                 	db	74
   245  000694  44                 	db	68
   246  000695  40                 	db	64
   247  000696  20                 	db	32
   248  000697  38                 	db	56
   249  000698  3E                 	db	62
   250  000699  38                 	db	56
   251  00069A  20                 	db	32
   252  00069B  02                 	db	2
   253  00069C  0E                 	db	14
   254  00069D  3E                 	db	62
   255  00069E  0E                 	db	14
   256  00069F  02                 	db	2
   257  0006A0  00                 	db	0
   258  0006A1  00                 	db	0
   259  0006A2  00                 	db	0
   260  0006A3  00                 	db	0
   261  0006A4  00                 	db	0
   262  0006A5  00                 	db	0
   263  0006A6  00                 	db	0
   264  0006A7  5F                 	db	95
   265  0006A8  00                 	db	0
   266  0006A9  00                 	db	0
   267  0006AA  00                 	db	0
   268  0006AB  07                 	db	7
   269  0006AC  00                 	db	0
   270  0006AD  07                 	db	7
   271  0006AE  00                 	db	0
   272  0006AF  14                 	db	20
   273  0006B0  7F                 	db	127
   274  0006B1  14                 	db	20
   275  0006B2  7F                 	db	127
   276  0006B3  14                 	db	20
   277  0006B4  24                 	db	36
   278  0006B5  2A                 	db	42
   279  0006B6  7F                 	db	127
   280  0006B7  2A                 	db	42
   281  0006B8  12                 	db	18
   282  0006B9  23                 	db	35
   283  0006BA  13                 	db	19
   284  0006BB  08                 	db	8
   285  0006BC  64                 	db	100
   286  0006BD  62                 	db	98
   287  0006BE  36                 	db	54
   288  0006BF  49                 	db	73
   289  0006C0  55                 	db	85
   290  0006C1  22                 	db	34
   291  0006C2  50                 	db	80
   292  0006C3  00                 	db	0
   293  0006C4  00                 	db	0
   294  0006C5  05                 	db	5
   295  0006C6  03                 	db	3
   296  0006C7  00                 	db	0
   297  0006C8  00                 	db	0
   298  0006C9  1C                 	db	28
   299  0006CA  22                 	db	34
   300  0006CB  41                 	db	65
   301  0006CC  00                 	db	0
   302  0006CD  00                 	db	0
   303  0006CE  41                 	db	65
   304  0006CF  22                 	db	34
   305  0006D0  1C                 	db	28
   306  0006D1  00                 	db	0
   307  0006D2  14                 	db	20
   308  0006D3  08                 	db	8
   309  0006D4  3E                 	db	62
   310  0006D5  08                 	db	8
   311  0006D6  14                 	db	20
   312  0006D7  08                 	db	8
   313  0006D8  08                 	db	8
   314  0006D9  3E                 	db	62
   315  0006DA  08                 	db	8
   316  0006DB  08                 	db	8
   317  0006DC  00                 	db	0
   318  0006DD  50                 	db	80
   319  0006DE  30                 	db	48
   320  0006DF  00                 	db	0
   321  0006E0  00                 	db	0
   322  0006E1  08                 	db	8
   323  0006E2  08                 	db	8
   324  0006E3  08                 	db	8
   325  0006E4  08                 	db	8
   326  0006E5  08                 	db	8
   327  0006E6  00                 	db	0
   328  0006E7  60                 	db	96
   329  0006E8  60                 	db	96
   330  0006E9  00                 	db	0
   331  0006EA  00                 	db	0
   332  0006EB  20                 	db	32
   333  0006EC  10                 	db	16
   334  0006ED  08                 	db	8
   335  0006EE  04                 	db	4
   336  0006EF  02                 	db	2
   337  0006F0  3E                 	db	62
   338  0006F1  51                 	db	81
   339  0006F2  49                 	db	73
   340  0006F3  45                 	db	69
   341  0006F4  3E                 	db	62
   342  0006F5  00                 	db	0
   343  0006F6  42                 	db	66
   344  0006F7  7F                 	db	127
   345  0006F8  40                 	db	64
   346  0006F9  00                 	db	0
   347  0006FA  42                 	db	66
   348  0006FB  61                 	db	97
   349  0006FC  51                 	db	81
   350  0006FD  49                 	db	73
   351  0006FE  46                 	db	70
   352  0006FF  21                 	db	33
   353  000700  41                 	db	65
   354  000701  45                 	db	69
   355  000702  4B                 	db	75
   356  000703  31                 	db	49
   357  000704  18                 	db	24
   358  000705  14                 	db	20
   359  000706  12                 	db	18
   360  000707  7F                 	db	127
   361  000708  10                 	db	16
   362  000709  27                 	db	39
   363  00070A  45                 	db	69
   364  00070B  45                 	db	69
   365  00070C  45                 	db	69
   366  00070D  39                 	db	57
   367  00070E  3C                 	db	60
   368  00070F  4A                 	db	74
   369  000710  49                 	db	73
   370  000711  49                 	db	73
   371  000712  30                 	db	48
   372  000713  03                 	db	3
   373  000714  01                 	db	1
   374  000715  71                 	db	113
   375  000716  09                 	db	9
   376  000717  07                 	db	7
   377  000718  36                 	db	54
   378  000719  49                 	db	73
   379  00071A  49                 	db	73
   380  00071B  49                 	db	73
   381  00071C  36                 	db	54
   382  00071D  06                 	db	6
   383  00071E  49                 	db	73
   384  00071F  49                 	db	73
   385  000720  29                 	db	41
   386  000721  1E                 	db	30
   387  000722  00                 	db	0
   388  000723  66                 	db	102
   389  000724  66                 	db	102
   390  000725  00                 	db	0
   391  000726  00                 	db	0
   392  000727  00                 	db	0
   393  000728  56                 	db	86
   394  000729  36                 	db	54
   395  00072A  00                 	db	0
   396  00072B  00                 	db	0
   397  00072C  08                 	db	8
   398  00072D  14                 	db	20
   399  00072E  22                 	db	34
   400  00072F  41                 	db	65
   401  000730  00                 	db	0
   402  000731  14                 	db	20
   403  000732  14                 	db	20
   404  000733  14                 	db	20
   405  000734  14                 	db	20
   406  000735  14                 	db	20
   407  000736  00                 	db	0
   408  000737  41                 	db	65
   409  000738  22                 	db	34
   410  000739  14                 	db	20
   411  00073A  08                 	db	8
   412  00073B  02                 	db	2
   413  00073C  01                 	db	1
   414  00073D  51                 	db	81
   415  00073E  09                 	db	9
   416  00073F  06                 	db	6
   417  000740  32                 	db	50
   418  000741  49                 	db	73
   419  000742  79                 	db	121
   420  000743  41                 	db	65
   421  000744  3E                 	db	62
   422  000745  7C                 	db	124
   423  000746  12                 	db	18
   424  000747  11                 	db	17
   425  000748  12                 	db	18
   426  000749  7C                 	db	124
   427  00074A  7F                 	db	127
   428  00074B  49                 	db	73
   429  00074C  49                 	db	73
   430  00074D  49                 	db	73
   431  00074E  36                 	db	54
   432  00074F  3E                 	db	62
   433  000750  41                 	db	65
   434  000751  41                 	db	65
   435  000752  41                 	db	65
   436  000753  22                 	db	34
   437  000754  7F                 	db	127
   438  000755  41                 	db	65
   439  000756  41                 	db	65
   440  000757  22                 	db	34
   441  000758  1C                 	db	28
   442  000759  7F                 	db	127
   443  00075A  49                 	db	73
   444  00075B  49                 	db	73
   445  00075C  49                 	db	73
   446  00075D  41                 	db	65
   447  00075E  7F                 	db	127
   448  00075F  09                 	db	9
   449  000760  09                 	db	9
   450  000761  09                 	db	9
   451  000762  01                 	db	1
   452  000763  3E                 	db	62
   453  000764  41                 	db	65
   454  000765  49                 	db	73
   455  000766  49                 	db	73
   456  000767  7A                 	db	122
   457  000768  7F                 	db	127
   458  000769  08                 	db	8
   459  00076A  08                 	db	8
   460  00076B  08                 	db	8
   461  00076C  7F                 	db	127
   462  00076D  00                 	db	0
   463  00076E  41                 	db	65
   464  00076F  7F                 	db	127
   465  000770  41                 	db	65
   466  000771  00                 	db	0
   467  000772  20                 	db	32
   468  000773  40                 	db	64
   469  000774  41                 	db	65
   470  000775  3F                 	db	63
   471  000776  01                 	db	1
   472  000777  7F                 	db	127
   473  000778  08                 	db	8
   474  000779  14                 	db	20
   475  00077A  22                 	db	34
   476  00077B  41                 	db	65
   477  00077C  7F                 	db	127
   478  00077D  40                 	db	64
   479  00077E  40                 	db	64
   480  00077F  40                 	db	64
   481  000780  40                 	db	64
   482  000781  7F                 	db	127
   483  000782  02                 	db	2
   484  000783  0C                 	db	12
   485  000784  02                 	db	2
   486  000785  7F                 	db	127
   487  000786  7F                 	db	127
   488  000787  04                 	db	4
   489  000788  08                 	db	8
   490  000789  10                 	db	16
   491  00078A  7F                 	db	127
   492  00078B  3E                 	db	62
   493  00078C  41                 	db	65
   494  00078D  41                 	db	65
   495  00078E  41                 	db	65
   496  00078F  3E                 	db	62
   497  000790  7F                 	db	127
   498  000791  09                 	db	9
   499  000792  09                 	db	9
   500  000793  09                 	db	9
   501  000794  06                 	db	6
   502  000795  3E                 	db	62
   503  000796  41                 	db	65
   504  000797  51                 	db	81
   505  000798  21                 	db	33
   506  000799  5E                 	db	94
   507  00079A  7F                 	db	127
   508  00079B  09                 	db	9
   509  00079C  19                 	db	25
   510  00079D  29                 	db	41
   511  00079E  46                 	db	70
   512  00079F  26                 	db	38
   513  0007A0  49                 	db	73
   514  0007A1  49                 	db	73
   515  0007A2  49                 	db	73
   516  0007A3  32                 	db	50
   517  0007A4  01                 	db	1
   518  0007A5  01                 	db	1
   519  0007A6  7F                 	db	127
   520  0007A7  01                 	db	1
   521  0007A8  01                 	db	1
   522  0007A9  3F                 	db	63
   523  0007AA  40                 	db	64
   524  0007AB  40                 	db	64
   525  0007AC  40                 	db	64
   526  0007AD  3F                 	db	63
   527  0007AE  1F                 	db	31
   528  0007AF  20                 	db	32
   529  0007B0  40                 	db	64
   530  0007B1  20                 	db	32
   531  0007B2  1F                 	db	31
   532  0007B3  7F                 	db	127
   533  0007B4  20                 	db	32
   534  0007B5  18                 	db	24
   535  0007B6  20                 	db	32
   536  0007B7  7F                 	db	127
   537  0007B8  63                 	db	99
   538  0007B9  14                 	db	20
   539  0007BA  08                 	db	8
   540  0007BB  14                 	db	20
   541  0007BC  63                 	db	99
   542  0007BD  07                 	db	7
   543  0007BE  08                 	db	8
   544  0007BF  70                 	db	112
   545  0007C0  08                 	db	8
   546  0007C1  07                 	db	7
   547  0007C2  61                 	db	97
   548  0007C3  51                 	db	81
   549  0007C4  49                 	db	73
   550  0007C5  45                 	db	69
   551  0007C6  43                 	db	67
   552  0007C7  00                 	db	0
   553  0007C8  7F                 	db	127
   554  0007C9  41                 	db	65
   555  0007CA  41                 	db	65
   556  0007CB  00                 	db	0
   557  0007CC  02                 	db	2
   558  0007CD  04                 	db	4
   559  0007CE  08                 	db	8
   560  0007CF  10                 	db	16
   561  0007D0  20                 	db	32
   562  0007D1  00                 	db	0
   563  0007D2  41                 	db	65
   564  0007D3  41                 	db	65
   565  0007D4  7F                 	db	127
   566  0007D5  00                 	db	0
   567  0007D6  04                 	db	4
   568  0007D7  02                 	db	2
   569  0007D8  01                 	db	1
   570  0007D9  02                 	db	2
   571  0007DA  04                 	db	4
   572  0007DB  40                 	db	64
   573  0007DC  40                 	db	64
   574  0007DD  40                 	db	64
   575  0007DE  40                 	db	64
   576  0007DF  40                 	db	64
   577  0007E0  00                 	db	0
   578  0007E1  01                 	db	1
   579  0007E2  02                 	db	2
   580  0007E3  04                 	db	4
   581  0007E4  00                 	db	0
   582  0007E5  20                 	db	32
   583  0007E6  54                 	db	84
   584  0007E7  54                 	db	84
   585  0007E8  54                 	db	84
   586  0007E9  78                 	db	120
   587  0007EA  7F                 	db	127
   588  0007EB  48                 	db	72
   589  0007EC  44                 	db	68
   590  0007ED  44                 	db	68
   591  0007EE  38                 	db	56
   592  0007EF  38                 	db	56
   593  0007F0  44                 	db	68
   594  0007F1  44                 	db	68
   595  0007F2  44                 	db	68
   596  0007F3  20                 	db	32
   597  0007F4  38                 	db	56
   598  0007F5  44                 	db	68
   599  0007F6  44                 	db	68
   600  0007F7  48                 	db	72
   601  0007F8  7F                 	db	127
   602  0007F9  38                 	db	56
   603  0007FA  54                 	db	84
   604  0007FB  54                 	db	84
   605  0007FC  54                 	db	84
   606  0007FD  18                 	db	24
   607  0007FE  08                 	db	8
   608  0007FF  7E                 	db	126
   609  000800  09                 	db	9
   610  000801  01                 	db	1
   611  000802  02                 	db	2
   612  000803  08                 	db	8
   613  000804  54                 	db	84
   614  000805  54                 	db	84
   615  000806  54                 	db	84
   616  000807  3C                 	db	60
   617  000808  7F                 	db	127
   618  000809  08                 	db	8
   619  00080A  04                 	db	4
   620  00080B  04                 	db	4
   621  00080C  78                 	db	120
   622  00080D  00                 	db	0
   623  00080E  48                 	db	72
   624  00080F  7D                 	db	125
   625  000810  40                 	db	64
   626  000811  00                 	db	0
   627  000812  20                 	db	32
   628  000813  40                 	db	64
   629  000814  44                 	db	68
   630  000815  3D                 	db	61
   631  000816  00                 	db	0
   632  000817  00                 	db	0
   633  000818  7F                 	db	127
   634  000819  10                 	db	16
   635  00081A  28                 	db	40
   636  00081B  44                 	db	68
   637  00081C  00                 	db	0
   638  00081D  41                 	db	65
   639  00081E  7F                 	db	127
   640  00081F  40                 	db	64
   641  000820  00                 	db	0
   642  000821  7C                 	db	124
   643  000822  04                 	db	4
   644  000823  78                 	db	120
   645  000824  04                 	db	4
   646  000825  7C                 	db	124
   647  000826  7C                 	db	124
   648  000827  08                 	db	8
   649  000828  04                 	db	4
   650  000829  04                 	db	4
   651  00082A  78                 	db	120
   652  00082B  38                 	db	56
   653  00082C  44                 	db	68
   654  00082D  44                 	db	68
   655  00082E  44                 	db	68
   656  00082F  38                 	db	56
   657  000830  7C                 	db	124
   658  000831  14                 	db	20
   659  000832  14                 	db	20
   660  000833  14                 	db	20
   661  000834  08                 	db	8
   662  000835  04                 	db	4
   663  000836  0A                 	db	10
   664  000837  0A                 	db	10
   665  000838  0C                 	db	12
   666  000839  7E                 	db	126
   667  00083A  7C                 	db	124
   668  00083B  08                 	db	8
   669  00083C  04                 	db	4
   670  00083D  04                 	db	4
   671  00083E  08                 	db	8
   672  00083F  48                 	db	72
   673  000840  54                 	db	84
   674  000841  54                 	db	84
   675  000842  54                 	db	84
   676  000843  20                 	db	32
   677  000844  04                 	db	4
   678  000845  3F                 	db	63
   679  000846  44                 	db	68
   680  000847  40                 	db	64
   681  000848  20                 	db	32
   682  000849  3C                 	db	60
   683  00084A  40                 	db	64
   684  00084B  40                 	db	64
   685  00084C  20                 	db	32
   686  00084D  7C                 	db	124
   687  00084E  1C                 	db	28
   688  00084F  20                 	db	32
   689  000850  40                 	db	64
   690  000851  20                 	db	32
   691  000852  1C                 	db	28
   692  000853  3C                 	db	60
   693  000854  40                 	db	64
   694  000855  30                 	db	48
   695  000856  40                 	db	64
   696  000857  3C                 	db	60
   697  000858  44                 	db	68
   698  000859  28                 	db	40
   699  00085A  10                 	db	16
   700  00085B  28                 	db	40
   701  00085C  44                 	db	68
   702  00085D  0C                 	db	12
   703  00085E  50                 	db	80
   704  00085F  50                 	db	80
   705  000860  50                 	db	80
   706  000861  3C                 	db	60
   707  000862  44                 	db	68
   708  000863  64                 	db	100
   709  000864  54                 	db	84
   710  000865  4C                 	db	76
   711  000866  44                 	db	68
   712  000867  00                 	db	0
   713  000868  08                 	db	8
   714  000869  36                 	db	54
   715  00086A  41                 	db	65
   716  00086B  00                 	db	0
   717  00086C  00                 	db	0
   718  00086D  00                 	db	0
   719  00086E  7F                 	db	127
   720  00086F  00                 	db	0
   721  000870  00                 	db	0
   722  000871  00                 	db	0
   723  000872  41                 	db	65
   724  000873  36                 	db	54
   725  000874  08                 	db	8
   726  000875  00                 	db	0
   727  000876  08                 	db	8
   728  000877  04                 	db	4
   729  000878  04                 	db	4
   730  000879  08                 	db	8
   731  00087A  04                 	db	4
   732  00087B  78                 	db	120
   733  00087C  44                 	db	68
   734  00087D  42                 	db	66
   735  00087E  44                 	db	68
   736  00087F  78                 	db	120


HI-TECH Software PICC-18 Macro Assembler V9.51PL2
Symbol Table                                           Mon Dec 07 22:12:02 2009

   _charfont 0600      __Lparam 0037      __ramtop 0600  
